<?xml version="1.0" encoding="UTF-8"?>
<!-- Generated by org.testng.reporters.JUnitReportReporter -->
<testsuite hostname="DevOps" failures="0" tests="1" name="testcases.productText" time="13.121" errors="0" timestamp="2023-07-11T01:47:53 BDT" skipped="0">
  <testcase classname="testcases.productText" name="testFakeDataCreate" time="13.121"/>
  <system-out/>
</testsuite> <!-- testcases.productText -->
