<?xml version="1.0" encoding="UTF-8"?>
<!-- Generated by org.testng.reporters.JUnitReportReporter -->
<testsuite hostname="DevOps" failures="0" tests="6" name="testcases.LoginText" time="76.255" errors="0" timestamp="2023-07-11T01:47:53 BDT" skipped="0">
  <testcase classname="testcases.LoginText" name="testLoginWithInvalidCredentials" time="14.904"/>
  <system-out/>
  <testcase classname="testcases.LoginText" name="testloginWithValidCredentials" time="11.446"/>
  <system-out/>
  <testcase classname="testcases.LoginText" name="testloginWithInvalidPassword" time="15.138"/>
  <system-out/>
  <testcase classname="testcases.LoginText" name="testLoginWithInvalidCredentials" time="6.449"/>
  <system-out/>
  <testcase classname="testcases.LoginText" name="testLoginWithInvalidUsername" time="9.421"/>
  <system-out/>
  <testcase classname="testcases.LoginText" name="testLoginWithInvalidCredentials" time="18.897"/>
  <system-out/>
</testsuite> <!-- testcases.LoginText -->
